
 • Building package apheleia
From https://github.com/radian-software/apheleia
Updating /github/workspace/sources/apheleia/
Checking out 14a0bb4454fb2cc3b5b377619288b742ce117da5
Copying files (->) and directories (=>)
  from /github/workspace/sources/apheleia/
  to /tmp/apheleia-ydnEt0/apheleia-4.5.0.0.20260619.13/
    apheleia-dp.el -> apheleia-dp.el
    apheleia-formatter-context.el -> apheleia-formatter-context.el
    apheleia-formatters.el -> apheleia-formatters.el
    apheleia-log.el -> apheleia-log.el
    apheleia-rcs.el -> apheleia-rcs.el
    apheleia-utils.el -> apheleia-utils.el
    apheleia.el -> apheleia.el
    scripts/formatters => scripts/formatters
Created apheleia-4.5.0.0.20260619.13.tar containing:
  apheleia-4.5.0.0.20260619.13/
  apheleia-4.5.0.0.20260619.13/apheleia-dp.el
  apheleia-4.5.0.0.20260619.13/apheleia-formatter-context.el
  apheleia-4.5.0.0.20260619.13/apheleia-formatters.el
  apheleia-4.5.0.0.20260619.13/apheleia-log.el
  apheleia-4.5.0.0.20260619.13/apheleia-pkg.el
  apheleia-4.5.0.0.20260619.13/apheleia-rcs.el
  apheleia-4.5.0.0.20260619.13/apheleia-utils.el
  apheleia-4.5.0.0.20260619.13/apheleia.el
  apheleia-4.5.0.0.20260619.13/scripts/
  apheleia-4.5.0.0.20260619.13/scripts/formatters/
  apheleia-4.5.0.0.20260619.13/scripts/formatters/apheleia-docformatter
  apheleia-4.5.0.0.20260619.13/scripts/formatters/apheleia-from-project-root
  apheleia-4.5.0.0.20260619.13/scripts/formatters/apheleia-mix-format
  apheleia-4.5.0.0.20260619.13/scripts/formatters/apheleia-npx
  apheleia-4.5.0.0.20260619.13/scripts/formatters/apheleia-phpcs
  apheleia-4.5.0.0.20260619.13/scripts/formatters/apheleia-pkl
  apheleia-4.5.0.0.20260619.13/scripts/formatters/pnp-bin.js
Built apheleia in 0.411s, finished at 2026-07-24T05:31:25+0000
