
 • Building package clutch
From https://github.com/LuciusChen/clutch
Updating /github/workspace/sources/clutch/
Checking out ef1daae15fe30cd082cac5237d67636ce436402a
Copying files (->) and directories (=>)
  from /github/workspace/sources/clutch/
  to /tmp/clutch-waRvrc/clutch-0.2.4.0.20260723.79/
    clutch-backend.el -> clutch-backend.el
    clutch-connection.el -> clutch-connection.el
    clutch-db-jdbc.el -> clutch-db-jdbc.el
    clutch-db-mysql.el -> clutch-db-mysql.el
    clutch-db-pg.el -> clutch-db-pg.el
    clutch-db-sqlite.el -> clutch-db-sqlite.el
    clutch-diagnostics.el -> clutch-diagnostics.el
    clutch-document.el -> clutch-document.el
    clutch-edit.el -> clutch-edit.el
    clutch-mongodb.el -> clutch-mongodb.el
    clutch-object.el -> clutch-object.el
    clutch-query.el -> clutch-query.el
    clutch-redis.el -> clutch-redis.el
    clutch-result.el -> clutch-result.el
    clutch-schema.el -> clutch-schema.el
    clutch-sql.el -> clutch-sql.el
    clutch-ui.el -> clutch-ui.el
    clutch.el -> clutch.el
Created clutch-0.2.4.0.20260723.79.tar containing:
  clutch-0.2.4.0.20260723.79/
  clutch-0.2.4.0.20260723.79/clutch-backend.el
  clutch-0.2.4.0.20260723.79/clutch-connection.el
  clutch-0.2.4.0.20260723.79/clutch-db-jdbc.el
  clutch-0.2.4.0.20260723.79/clutch-db-mysql.el
  clutch-0.2.4.0.20260723.79/clutch-db-pg.el
  clutch-0.2.4.0.20260723.79/clutch-db-sqlite.el
  clutch-0.2.4.0.20260723.79/clutch-diagnostics.el
  clutch-0.2.4.0.20260723.79/clutch-document.el
  clutch-0.2.4.0.20260723.79/clutch-edit.el
  clutch-0.2.4.0.20260723.79/clutch-mongodb.el
  clutch-0.2.4.0.20260723.79/clutch-object.el
  clutch-0.2.4.0.20260723.79/clutch-pkg.el
  clutch-0.2.4.0.20260723.79/clutch-query.el
  clutch-0.2.4.0.20260723.79/clutch-redis.el
  clutch-0.2.4.0.20260723.79/clutch-result.el
  clutch-0.2.4.0.20260723.79/clutch-schema.el
  clutch-0.2.4.0.20260723.79/clutch-sql.el
  clutch-0.2.4.0.20260723.79/clutch-ui.el
  clutch-0.2.4.0.20260723.79/clutch.el
Built clutch in 1.214s, finished at 2026-07-24T05:31:32+0000
