
 • Building package corfu
From https://github.com/minad/corfu
Updating /github/workspace/sources/corfu/
Checking out 3724e41bb08c1271372073c0a0eef98178c9c1f1
Copying files (->) and directories (=>)
  from /github/workspace/sources/corfu/
  to /tmp/corfu-GFpGyG/corfu-2.11.0.20260723.6/
    corfu.el -> corfu.el
  ! extensions/corfu-auto.el -> corfu-auto.el
  ! extensions/corfu-echo.el -> corfu-echo.el
  ! extensions/corfu-history.el -> corfu-history.el
  ! extensions/corfu-indexed.el -> corfu-indexed.el
  ! extensions/corfu-info.el -> corfu-info.el
  ! extensions/corfu-mouse.el -> corfu-mouse.el
  ! extensions/corfu-popupinfo.el -> corfu-popupinfo.el
  ! extensions/corfu-quick.el -> corfu-quick.el
Created corfu-2.11.0.20260723.6.tar containing:
  corfu-2.11.0.20260723.6/
  corfu-2.11.0.20260723.6/corfu-auto.el
  corfu-2.11.0.20260723.6/corfu-echo.el
  corfu-2.11.0.20260723.6/corfu-history.el
  corfu-2.11.0.20260723.6/corfu-indexed.el
  corfu-2.11.0.20260723.6/corfu-info.el
  corfu-2.11.0.20260723.6/corfu-mouse.el
  corfu-2.11.0.20260723.6/corfu-pkg.el
  corfu-2.11.0.20260723.6/corfu-popupinfo.el
  corfu-2.11.0.20260723.6/corfu-quick.el
  corfu-2.11.0.20260723.6/corfu.el
Built corfu in 0.543s, finished at 2026-07-24T05:31:36+0000
