
 • Building package ob-clutch
From https://github.com/LuciusChen/ob-clutch
Updating /github/workspace/sources/ob-clutch/
Checking out 8a04649aa20b0de517ad7db2aa27fe165c5bffec
Copying files (->) and directories (=>)
  from /github/workspace/sources/ob-clutch/
  to /tmp/ob-clutch-OzKJzk/ob-clutch-0.1.0.0.20260614.8/
    ob-clutch.el -> ob-clutch.el
    ob-mongodb.el -> ob-mongodb.el
    ob-mysql.el -> ob-mysql.el
    ob-postgresql.el -> ob-postgresql.el
    ob-redis.el -> ob-redis.el
    ob-sqlite.el -> ob-sqlite.el
Created ob-clutch-0.1.0.0.20260614.8.tar containing:
  ob-clutch-0.1.0.0.20260614.8/
  ob-clutch-0.1.0.0.20260614.8/ob-clutch-pkg.el
  ob-clutch-0.1.0.0.20260614.8/ob-clutch.el
  ob-clutch-0.1.0.0.20260614.8/ob-mongodb.el
  ob-clutch-0.1.0.0.20260614.8/ob-mysql.el
  ob-clutch-0.1.0.0.20260614.8/ob-postgresql.el
  ob-clutch-0.1.0.0.20260614.8/ob-redis.el
  ob-clutch-0.1.0.0.20260614.8/ob-sqlite.el
Built ob-clutch in 0.794s, finished at 2026-07-24T05:32:18+0000
