
 • Building package org-remark
From https://github.com/emacs-straight/org-remark
Updating /github/workspace/sources/org-remark/
Checking out 10a2bc3f60b020fb3bc8c0194ac1bf1145432e97
Copying files (->) and directories (=>)
  from /github/workspace/sources/org-remark/
  to /tmp/org-remark-ZBBl6B/org-remark-1.3.0.0.20260601.2/
    org-remark-convert-legacy.el -> org-remark-convert-legacy.el
    org-remark-eww.el -> org-remark-eww.el
    org-remark-global-tracking.el -> org-remark-global-tracking.el
    org-remark-icon.el -> org-remark-icon.el
    org-remark-info.el -> org-remark-info.el
    org-remark-line.el -> org-remark-line.el
    org-remark-nov.el -> org-remark-nov.el
    org-remark-pkg.el -> org-remark-pkg.el
    org-remark.el -> org-remark.el
    dir -> dir
    org-remark.info -> org-remark.info
Created org-remark-1.3.0.0.20260601.2.tar containing:
  org-remark-1.3.0.0.20260601.2/
  org-remark-1.3.0.0.20260601.2/dir
  org-remark-1.3.0.0.20260601.2/org-remark-convert-legacy.el
  org-remark-1.3.0.0.20260601.2/org-remark-eww.el
  org-remark-1.3.0.0.20260601.2/org-remark-global-tracking.el
  org-remark-1.3.0.0.20260601.2/org-remark-icon.el
  org-remark-1.3.0.0.20260601.2/org-remark-info.el
  org-remark-1.3.0.0.20260601.2/org-remark-line.el
  org-remark-1.3.0.0.20260601.2/org-remark-nov.el
  org-remark-1.3.0.0.20260601.2/org-remark-pkg.el
  org-remark-1.3.0.0.20260601.2/org-remark.el
  org-remark-1.3.0.0.20260601.2/org-remark.info
Built org-remark in 0.456s, finished at 2026-07-24T05:32:21+0000
