
 • Building package swift-mode
From https://github.com/swift-emacs/swift-mode
Updating /github/workspace/sources/swift-mode/
Checking out a4c54629ba946cf009631e25a11618e886e7b25d
Copying files (->) and directories (=>)
  from /github/workspace/sources/swift-mode/
  to /tmp/swift-mode-BbvP6P/swift-mode-10.0.0.0.20260510.2/
    swift-mode-beginning-of-defun.el -> swift-mode-beginning-of-defun.el
    swift-mode-fill.el -> swift-mode-fill.el
    swift-mode-font-lock.el -> swift-mode-font-lock.el
    swift-mode-imenu.el -> swift-mode-imenu.el
    swift-mode-indent.el -> swift-mode-indent.el
    swift-mode-lexer.el -> swift-mode-lexer.el
    swift-mode-repl.el -> swift-mode-repl.el
    swift-mode-standard-types.el -> swift-mode-standard-types.el
    swift-mode.el -> swift-mode.el
Created swift-mode-10.0.0.0.20260510.2.tar containing:
  swift-mode-10.0.0.0.20260510.2/
  swift-mode-10.0.0.0.20260510.2/swift-mode-beginning-of-defun.el
  swift-mode-10.0.0.0.20260510.2/swift-mode-fill.el
  swift-mode-10.0.0.0.20260510.2/swift-mode-font-lock.el
  swift-mode-10.0.0.0.20260510.2/swift-mode-imenu.el
  swift-mode-10.0.0.0.20260510.2/swift-mode-indent.el
  swift-mode-10.0.0.0.20260510.2/swift-mode-lexer.el
  swift-mode-10.0.0.0.20260510.2/swift-mode-pkg.el
  swift-mode-10.0.0.0.20260510.2/swift-mode-repl.el
  swift-mode-10.0.0.0.20260510.2/swift-mode-standard-types.el
  swift-mode-10.0.0.0.20260510.2/swift-mode.el
Built swift-mode in 0.466s, finished at 2026-07-24T05:32:42+0000
