
 • Building package telega
From https://github.com/LuciusChen/telega.el
Updating /github/workspace/sources/telega/
Checking out 377118b55728c4fb854f3587216b8f678f2973c7
Copying files (->) and directories (=>)
  from /github/workspace/sources/telega/
  to /tmp/telega-2k5DIL/telega-0.8.392.0.20260724.162/
    telega-chat.el -> telega-chat.el
    telega-completions.el -> telega-completions.el
    telega-core.el -> telega-core.el
    telega-customize.el -> telega-customize.el
    telega-emoji.el -> telega-emoji.el
    telega-ffplay.el -> telega-ffplay.el
    telega-filter.el -> telega-filter.el
    telega-folders.el -> telega-folders.el
    telega-i18n.el -> telega-i18n.el
    telega-info.el -> telega-info.el
    telega-inline.el -> telega-inline.el
    telega-ins.el -> telega-ins.el
    telega-match.el -> telega-match.el
    telega-media.el -> telega-media.el
    telega-modes.el -> telega-modes.el
    telega-msg.el -> telega-msg.el
    telega-notifications.el -> telega-notifications.el
    telega-obsolete.el -> telega-obsolete.el
    telega-rich-text.el -> telega-rich-text.el
    telega-root.el -> telega-root.el
    telega-server.el -> telega-server.el
    telega-sort.el -> telega-sort.el
    telega-sticker.el -> telega-sticker.el
    telega-story.el -> telega-story.el
    telega-tdlib-events.el -> telega-tdlib-events.el
    telega-tdlib.el -> telega-tdlib.el
    telega-tme.el -> telega-tme.el
    telega-topic.el -> telega-topic.el
    telega-transient.el -> telega-transient.el
    telega-user.el -> telega-user.el
    telega-util.el -> telega-util.el
    telega-voip.el -> telega-voip.el
    telega-vvnote.el -> telega-vvnote.el
    telega-webpage.el -> telega-webpage.el
    telega.el -> telega.el
    etc => etc
    server => server
    contrib => contrib
    Makefile -> Makefile
Created telega-0.8.392.0.20260724.162.tar containing:
  telega-0.8.392.0.20260724.162/
  telega-0.8.392.0.20260724.162/Makefile
  telega-0.8.392.0.20260724.162/contrib/
  telega-0.8.392.0.20260724.162/contrib/ol-telega.el
  telega-0.8.392.0.20260724.162/contrib/telega-adblock.el
  telega-0.8.392.0.20260724.162/contrib/telega-alert.el
  telega-0.8.392.0.20260724.162/contrib/telega-bridge-bot.el
  telega-0.8.392.0.20260724.162/contrib/telega-channels-export.el
  telega-0.8.392.0.20260724.162/contrib/telega-company.el
  telega-0.8.392.0.20260724.162/contrib/telega-dashboard.el
  telega-0.8.392.0.20260724.162/contrib/telega-dired-dwim.el
  telega-0.8.392.0.20260724.162/contrib/telega-emacs-stories.el
  telega-0.8.392.0.20260724.162/contrib/telega-live-location.el
  telega-0.8.392.0.20260724.162/contrib/telega-mnz.el
  telega-0.8.392.0.20260724.162/contrib/telega-status-history.el
  telega-0.8.392.0.20260724.162/contrib/telega-url-shorten.el
  telega-0.8.392.0.20260724.162/etc/
  telega-0.8.392.0.20260724.162/etc/Dockerfile
  telega-0.8.392.0.20260724.162/etc/TODO-tdlib-1.4.0.org
  telega-0.8.392.0.20260724.162/etc/TODO-tdlib-1.5.0.org
  telega-0.8.392.0.20260724.162/etc/TODO-tdlib-1.6.0.org
  telega-0.8.392.0.20260724.162/etc/TODO-tdlib-1.7.0.org
  telega-0.8.392.0.20260724.162/etc/asound.conf
  telega-0.8.392.0.20260724.162/etc/chat_emacs_telega.svg
  telega-0.8.392.0.20260724.162/etc/donate_btc.jpg
  telega-0.8.392.0.20260724.162/etc/donate_ton.jpg
  telega-0.8.392.0.20260724.162/etc/donate_usdt.jpg
  telega-0.8.392.0.20260724.162/etc/emacs-stories.svg
  telega-0.8.392.0.20260724.162/etc/emacs-stories64.png
  telega-0.8.392.0.20260724.162/etc/emojis.alist
  telega-0.8.392.0.20260724.162/etc/fa-brands/
  telega-0.8.392.0.20260724.162/etc/fa-brands/github-octocat.svg
  telega-0.8.392.0.20260724.162/etc/fa-brands/github.svg
  telega-0.8.392.0.20260724.162/etc/fa-brands/gitlab-rgb.svg
  telega-0.8.392.0.20260724.162/etc/fa-brands/gitlab.svg
  telega-0.8.392.0.20260724.162/etc/fa-brands/instagram-rgb.svg
  telega-0.8.392.0.20260724.162/etc/fa-brands/instagram.svg
  telega-0.8.392.0.20260724.162/etc/fa-brands/tiktok-rgb.svg
  telega-0.8.392.0.20260724.162/etc/fa-brands/wikipedia-rgb.svg
  telega-0.8.392.0.20260724.162/etc/fa-brands/wikipedia.svg
  telega-0.8.392.0.20260724.162/etc/fa-brands/youtube-rgb.svg
  telega-0.8.392.0.20260724.162/etc/fa-brands/youtube.svg
  telega-0.8.392.0.20260724.162/etc/langs/
  telega-0.8.392.0.20260724.162/etc/langs/en.plist
  telega-0.8.392.0.20260724.162/etc/langs/zh.plist
  telega-0.8.392.0.20260724.162/etc/sounds/
  telega-0.8.392.0.20260724.162/etc/sounds/call_busy.mp3
  telega-0.8.392.0.20260724.162/etc/sounds/call_connect.mp3
  telega-0.8.392.0.20260724.162/etc/sounds/call_end.mp3
  telega-0.8.392.0.20260724.162/etc/sounds/call_incoming.mp3
  telega-0.8.392.0.20260724.162/etc/sounds/call_outgoing.mp3
  telega-0.8.392.0.20260724.162/etc/sounds/msg_incoming.mp3
  telega-0.8.392.0.20260724.162/etc/symbols/
  telega-0.8.392.0.20260724.162/etc/symbols/button-close.svg
  telega-0.8.392.0.20260724.162/etc/symbols/button-left.svg
  telega-0.8.392.0.20260724.162/etc/symbols/button-right.svg
  telega-0.8.392.0.20260724.162/etc/symbols/forum-bw.svg
  telega-0.8.392.0.20260724.162/etc/symbols/forum.svg
  telega-0.8.392.0.20260724.162/etc/symbols/forward.svg
  telega-0.8.392.0.20260724.162/etc/symbols/location.svg
  telega-0.8.392.0.20260724.162/etc/symbols/lock.svg
  telega-0.8.392.0.20260724.162/etc/symbols/poll.svg
  telega-0.8.392.0.20260724.162/etc/symbols/premium.svg
  telega-0.8.392.0.20260724.162/etc/symbols/reaction.svg
  telega-0.8.392.0.20260724.162/etc/symbols/reply-quote.svg
  telega-0.8.392.0.20260724.162/etc/symbols/reply.svg
  telega-0.8.392.0.20260724.162/etc/symbols/right-arrow.svg
  telega-0.8.392.0.20260724.162/etc/symbols/story-reply.svg
  telega-0.8.392.0.20260724.162/etc/symbols/story.svg
  telega-0.8.392.0.20260724.162/etc/symbols/summarize-in.svg
  telega-0.8.392.0.20260724.162/etc/symbols/summarize-out.svg
  telega-0.8.392.0.20260724.162/etc/symbols/tag-end.svg
  telega-0.8.392.0.20260724.162/etc/symbols/ton_symbol.svg
  telega-0.8.392.0.20260724.162/etc/symbols/translate.svg
  telega-0.8.392.0.20260724.162/etc/symbols/typing.svg
  telega-0.8.392.0.20260724.162/etc/symbols/video-chat-active.svg
  telega-0.8.392.0.20260724.162/etc/symbols/video-chat-passive.svg
  telega-0.8.392.0.20260724.162/etc/td-api-1.3.0.tl
  telega-0.8.392.0.20260724.162/etc/td-api-1.4.0.tl
  telega-0.8.392.0.20260724.162/etc/td-api-1.5.0.tl
  telega-0.8.392.0.20260724.162/etc/td-api-1.6.0.tl
  telega-0.8.392.0.20260724.162/etc/td-api-1.6.6.tl
  telega-0.8.392.0.20260724.162/etc/td-api-1.7.0.tl
  telega-0.8.392.0.20260724.162/etc/td-api-1.7.3.tl
  telega-0.8.392.0.20260724.162/etc/telega-logo.png
  telega-0.8.392.0.20260724.162/etc/telega-logo.svg
  telega-0.8.392.0.20260724.162/etc/telega-logo.xpm
  telega-0.8.392.0.20260724.162/etc/telega-logo64.png
  telega-0.8.392.0.20260724.162/etc/telega-make.el
  telega-0.8.392.0.20260724.162/etc/telegram-logo.png
  telega-0.8.392.0.20260724.162/etc/telegram-logo.svg
  telega-0.8.392.0.20260724.162/etc/telegram-logo.xpm
  telega-0.8.392.0.20260724.162/etc/verified.svg
  telega-0.8.392.0.20260724.162/server/
  telega-0.8.392.0.20260724.162/server/Makefile
  telega-0.8.392.0.20260724.162/server/run_tests.py
  telega-0.8.392.0.20260724.162/server/telega-appindicator.c
  telega-0.8.392.0.20260724.162/server/telega-dat.c
  telega-0.8.392.0.20260724.162/server/telega-dat.h
  telega-0.8.392.0.20260724.162/server/telega-emoji.h
  telega-0.8.392.0.20260724.162/server/telega-pngext.c
  telega-0.8.392.0.20260724.162/server/telega-server.c
  telega-0.8.392.0.20260724.162/server/telega-voip.cpp
  telega-0.8.392.0.20260724.162/telega-chat.el
  telega-0.8.392.0.20260724.162/telega-completions.el
  telega-0.8.392.0.20260724.162/telega-core.el
  telega-0.8.392.0.20260724.162/telega-customize.el
  telega-0.8.392.0.20260724.162/telega-emoji.el
  telega-0.8.392.0.20260724.162/telega-ffplay.el
  telega-0.8.392.0.20260724.162/telega-filter.el
  telega-0.8.392.0.20260724.162/telega-folders.el
  telega-0.8.392.0.20260724.162/telega-i18n.el
  telega-0.8.392.0.20260724.162/telega-info.el
  telega-0.8.392.0.20260724.162/telega-inline.el
  telega-0.8.392.0.20260724.162/telega-ins.el
  telega-0.8.392.0.20260724.162/telega-match.el
  telega-0.8.392.0.20260724.162/telega-media.el
  telega-0.8.392.0.20260724.162/telega-modes.el
  telega-0.8.392.0.20260724.162/telega-msg.el
  telega-0.8.392.0.20260724.162/telega-notifications.el
  telega-0.8.392.0.20260724.162/telega-obsolete.el
  telega-0.8.392.0.20260724.162/telega-pkg.el
  telega-0.8.392.0.20260724.162/telega-rich-text.el
  telega-0.8.392.0.20260724.162/telega-root.el
  telega-0.8.392.0.20260724.162/telega-server.el
  telega-0.8.392.0.20260724.162/telega-sort.el
  telega-0.8.392.0.20260724.162/telega-sticker.el
  telega-0.8.392.0.20260724.162/telega-story.el
  telega-0.8.392.0.20260724.162/telega-tdlib-events.el
  telega-0.8.392.0.20260724.162/telega-tdlib.el
  telega-0.8.392.0.20260724.162/telega-tme.el
  telega-0.8.392.0.20260724.162/telega-topic.el
  telega-0.8.392.0.20260724.162/telega-transient.el
  telega-0.8.392.0.20260724.162/telega-user.el
  telega-0.8.392.0.20260724.162/telega-util.el
  telega-0.8.392.0.20260724.162/telega-voip.el
  telega-0.8.392.0.20260724.162/telega-vvnote.el
  telega-0.8.392.0.20260724.162/telega-webpage.el
  telega-0.8.392.0.20260724.162/telega.el
Built telega in 0.857s, finished at 2026-07-24T05:32:43+0000
