
 • Building package vertico
From https://github.com/minad/vertico
Updating /github/workspace/sources/vertico/
Checking out de7b4d1422c51f941ca95419c65968d82f7d4eee
Copying files (->) and directories (=>)
  from /github/workspace/sources/vertico/
  to /tmp/vertico-sNx2wn/vertico-2.11.0.20260723.2/
    vertico.el -> vertico.el
  ! extensions/vertico-buffer.el -> vertico-buffer.el
  ! extensions/vertico-directory.el -> vertico-directory.el
  ! extensions/vertico-flat.el -> vertico-flat.el
  ! extensions/vertico-grid.el -> vertico-grid.el
  ! extensions/vertico-indexed.el -> vertico-indexed.el
  ! extensions/vertico-mouse.el -> vertico-mouse.el
  ! extensions/vertico-multiform.el -> vertico-multiform.el
  ! extensions/vertico-quick.el -> vertico-quick.el
  ! extensions/vertico-repeat.el -> vertico-repeat.el
  ! extensions/vertico-reverse.el -> vertico-reverse.el
  ! extensions/vertico-sort.el -> vertico-sort.el
  ! extensions/vertico-suspend.el -> vertico-suspend.el
  ! extensions/vertico-unobtrusive.el -> vertico-unobtrusive.el
Created vertico-2.11.0.20260723.2.tar containing:
  vertico-2.11.0.20260723.2/
  vertico-2.11.0.20260723.2/vertico-buffer.el
  vertico-2.11.0.20260723.2/vertico-directory.el
  vertico-2.11.0.20260723.2/vertico-flat.el
  vertico-2.11.0.20260723.2/vertico-grid.el
  vertico-2.11.0.20260723.2/vertico-indexed.el
  vertico-2.11.0.20260723.2/vertico-mouse.el
  vertico-2.11.0.20260723.2/vertico-multiform.el
  vertico-2.11.0.20260723.2/vertico-pkg.el
  vertico-2.11.0.20260723.2/vertico-quick.el
  vertico-2.11.0.20260723.2/vertico-repeat.el
  vertico-2.11.0.20260723.2/vertico-reverse.el
  vertico-2.11.0.20260723.2/vertico-sort.el
  vertico-2.11.0.20260723.2/vertico-suspend.el
  vertico-2.11.0.20260723.2/vertico-unobtrusive.el
  vertico-2.11.0.20260723.2/vertico.el
Built vertico in 0.934s, finished at 2026-07-24T05:32:49+0000
