
 • Building package chirp
From https://github.com/LuciusChen/chirp
Checking out 1a2cf560fda730499392fcb9a8a4b431842943c5
Copying files (->) and directories (=>)
  from /github/workspace/sources/chirp/
  to /tmp/chirp-flFVIX/chirp-0.1.0/
    chirp.el -> chirp.el
  ! lisp/chirp-actions.el -> chirp-actions.el
  ! lisp/chirp-backend.el -> chirp-backend.el
  ! lisp/chirp-core.el -> chirp-core.el
  ! lisp/chirp-media.el -> chirp-media.el
  ! lisp/chirp-profile.el -> chirp-profile.el
  ! lisp/chirp-render.el -> chirp-render.el
  ! lisp/chirp-thread.el -> chirp-thread.el
  ! lisp/chirp-timeline.el -> chirp-timeline.el
Created chirp-0.1.0.tar containing:
  chirp-0.1.0/
  chirp-0.1.0/chirp-actions.el
  chirp-0.1.0/chirp-backend.el
  chirp-0.1.0/chirp-core.el
  chirp-0.1.0/chirp-media.el
  chirp-0.1.0/chirp-pkg.el
  chirp-0.1.0/chirp-profile.el
  chirp-0.1.0/chirp-render.el
  chirp-0.1.0/chirp-thread.el
  chirp-0.1.0/chirp-timeline.el
  chirp-0.1.0/chirp.el
Built chirp in 0.039s, finished at 2026-07-24T05:32:56+0000
