
 • Building package clutch
From https://github.com/LuciusChen/clutch
Checking out a4dfac80ebbf54df48f6fbf7936da0d6f1b6f321
Copying files (->) and directories (=>)
  from /github/workspace/sources/clutch/
  to /tmp/clutch-5rr5Cq/clutch-0.2.4/
    clutch-backend.el -> clutch-backend.el
    clutch-connection.el -> clutch-connection.el
    clutch-db-jdbc.el -> clutch-db-jdbc.el
    clutch-db-mysql.el -> clutch-db-mysql.el
    clutch-db-pg.el -> clutch-db-pg.el
    clutch-db-sqlite.el -> clutch-db-sqlite.el
    clutch-document.el -> clutch-document.el
    clutch-edit.el -> clutch-edit.el
    clutch-mongodb.el -> clutch-mongodb.el
    clutch-object.el -> clutch-object.el
    clutch-query.el -> clutch-query.el
    clutch-redis.el -> clutch-redis.el
    clutch-result.el -> clutch-result.el
    clutch-schema.el -> clutch-schema.el
    clutch-sql.el -> clutch-sql.el
    clutch-ui.el -> clutch-ui.el
    clutch.el -> clutch.el
Created clutch-0.2.4.tar containing:
  clutch-0.2.4/
  clutch-0.2.4/clutch-backend.el
  clutch-0.2.4/clutch-connection.el
  clutch-0.2.4/clutch-db-jdbc.el
  clutch-0.2.4/clutch-db-mysql.el
  clutch-0.2.4/clutch-db-pg.el
  clutch-0.2.4/clutch-db-sqlite.el
  clutch-0.2.4/clutch-document.el
  clutch-0.2.4/clutch-edit.el
  clutch-0.2.4/clutch-mongodb.el
  clutch-0.2.4/clutch-object.el
  clutch-0.2.4/clutch-pkg.el
  clutch-0.2.4/clutch-query.el
  clutch-0.2.4/clutch-redis.el
  clutch-0.2.4/clutch-result.el
  clutch-0.2.4/clutch-schema.el
  clutch-0.2.4/clutch-sql.el
  clutch-0.2.4/clutch-ui.el
  clutch-0.2.4/clutch.el
Built clutch in 0.162s, finished at 2026-07-24T05:32:57+0000
