
 • Building package consult
From https://github.com/minad/consult
Checking out 9bb68cf3941eb618fff18bd7626164951c70eb8a
Copying files (->) and directories (=>)
  from /github/workspace/sources/consult/
  to /tmp/consult-zwrkZz/consult-3.6/
    consult-compile.el -> consult-compile.el
    consult-flymake.el -> consult-flymake.el
    consult-imenu.el -> consult-imenu.el
    consult-info.el -> consult-info.el
    consult-kmacro.el -> consult-kmacro.el
    consult-org.el -> consult-org.el
    consult-register.el -> consult-register.el
    consult-xref.el -> consult-xref.el
    consult.el -> consult.el
Created consult-3.6.tar containing:
  consult-3.6/
  consult-3.6/consult-compile.el
  consult-3.6/consult-flymake.el
  consult-3.6/consult-imenu.el
  consult-3.6/consult-info.el
  consult-3.6/consult-kmacro.el
  consult-3.6/consult-org.el
  consult-3.6/consult-pkg.el
  consult-3.6/consult-register.el
  consult-3.6/consult-xref.el
  consult-3.6/consult.el
Built consult in 0.095s, finished at 2026-07-24T05:32:58+0000
