
 • Building package elfeed
From https://github.com/emacs-elfeed/elfeed
Checking out d08bb8e3d1e57f1b3941abcd8d141ac59315a5e4
Warning: elfeed :files spec is equivalent to the default
Copying files (->) and directories (=>)
  from /github/workspace/sources/elfeed/
  to /tmp/elfeed-hgQo4r/elfeed-4.1.0/
    elfeed-csv.el -> elfeed-csv.el
    elfeed-curl.el -> elfeed-curl.el
    elfeed-db.el -> elfeed-db.el
    elfeed-lib.el -> elfeed-lib.el
    elfeed-link.el -> elfeed-link.el
    elfeed-log.el -> elfeed-log.el
    elfeed-search.el -> elfeed-search.el
    elfeed-show.el -> elfeed-show.el
    elfeed-tree.el -> elfeed-tree.el
    elfeed.el -> elfeed.el
    xml-query.el -> xml-query.el
Created elfeed-4.1.0.tar containing:
  elfeed-4.1.0/
  elfeed-4.1.0/elfeed-csv.el
  elfeed-4.1.0/elfeed-curl.el
  elfeed-4.1.0/elfeed-db.el
  elfeed-4.1.0/elfeed-lib.el
  elfeed-4.1.0/elfeed-link.el
  elfeed-4.1.0/elfeed-log.el
  elfeed-4.1.0/elfeed-pkg.el
  elfeed-4.1.0/elfeed-search.el
  elfeed-4.1.0/elfeed-show.el
  elfeed-4.1.0/elfeed-tree.el
  elfeed-4.1.0/elfeed.el
  elfeed-4.1.0/xml-query.el
Built elfeed in 0.093s, finished at 2026-07-24T05:33:02+0000
