
 • Building package meow
From https://github.com/meow-edit/meow
Checking out ebf7ebb5eb3ac7bb3cfaca9c32d9063f385aee9a
Copying files (->) and directories (=>)
  from /github/workspace/sources/meow/
  to /tmp/meow-LblvXN/meow-1.5.0/
    meow-beacon.el -> meow-beacon.el
    meow-cheatsheet-layout.el -> meow-cheatsheet-layout.el
    meow-cheatsheet.el -> meow-cheatsheet.el
    meow-command.el -> meow-command.el
    meow-core.el -> meow-core.el
    meow-esc.el -> meow-esc.el
    meow-face.el -> meow-face.el
    meow-helpers.el -> meow-helpers.el
    meow-keymap.el -> meow-keymap.el
    meow-keypad.el -> meow-keypad.el
    meow-shims.el -> meow-shims.el
    meow-thing.el -> meow-thing.el
    meow-tutor.el -> meow-tutor.el
    meow-util.el -> meow-util.el
    meow-var.el -> meow-var.el
    meow-visual.el -> meow-visual.el
    meow.el -> meow.el
Created meow-1.5.0.tar containing:
  meow-1.5.0/
  meow-1.5.0/meow-beacon.el
  meow-1.5.0/meow-cheatsheet-layout.el
  meow-1.5.0/meow-cheatsheet.el
  meow-1.5.0/meow-command.el
  meow-1.5.0/meow-core.el
  meow-1.5.0/meow-esc.el
  meow-1.5.0/meow-face.el
  meow-1.5.0/meow-helpers.el
  meow-1.5.0/meow-keymap.el
  meow-1.5.0/meow-keypad.el
  meow-1.5.0/meow-pkg.el
  meow-1.5.0/meow-shims.el
  meow-1.5.0/meow-thing.el
  meow-1.5.0/meow-tutor.el
  meow-1.5.0/meow-util.el
  meow-1.5.0/meow-var.el
  meow-1.5.0/meow-visual.el
  meow-1.5.0/meow.el
Built meow in 0.097s, finished at 2026-07-24T05:33:10+0000
