
 • Building package nerd-icons
From https://github.com/rainstormstudio/nerd-icons.el
Checking out 619a0382d2e159f3142c4200fe4cfc2e89247ef1
Copying files (->) and directories (=>)
  from /github/workspace/sources/nerd-icons/
  to /tmp/nerd-icons-8RyG9S/nerd-icons-0.1.0/
    nerd-icons-data.el -> nerd-icons-data.el
    nerd-icons-faces.el -> nerd-icons-faces.el
    nerd-icons.el -> nerd-icons.el
    data => data
Created nerd-icons-0.1.0.tar containing:
  nerd-icons-0.1.0/
  nerd-icons-0.1.0/data/
  nerd-icons-0.1.0/data/nerd-icons-data-codicon.el
  nerd-icons-0.1.0/data/nerd-icons-data-devicon.el
  nerd-icons-0.1.0/data/nerd-icons-data-faicon.el
  nerd-icons-0.1.0/data/nerd-icons-data-flicon.el
  nerd-icons-0.1.0/data/nerd-icons-data-ipsicon.el
  nerd-icons-0.1.0/data/nerd-icons-data-mdicon.el
  nerd-icons-0.1.0/data/nerd-icons-data-octicon.el
  nerd-icons-0.1.0/data/nerd-icons-data-pomicon.el
  nerd-icons-0.1.0/data/nerd-icons-data-powerline.el
  nerd-icons-0.1.0/data/nerd-icons-data-sucicon.el
  nerd-icons-0.1.0/data/nerd-icons-data-wicon.el
  nerd-icons-0.1.0/nerd-icons-data.el
  nerd-icons-0.1.0/nerd-icons-faces.el
  nerd-icons-0.1.0/nerd-icons-pkg.el
  nerd-icons-0.1.0/nerd-icons.el
Built nerd-icons in 0.062s, finished at 2026-07-24T05:33:11+0000
