
 • Building package swift-mode
From https://github.com/swift-emacs/swift-mode
Checking out bf56866b98de2fd73029da2bca1035ca02f9e879
Copying files (->) and directories (=>)
  from /github/workspace/sources/swift-mode/
  to /tmp/swift-mode-Cetq8P/swift-mode-10.0.0/
    swift-mode-beginning-of-defun.el -> swift-mode-beginning-of-defun.el
    swift-mode-fill.el -> swift-mode-fill.el
    swift-mode-font-lock.el -> swift-mode-font-lock.el
    swift-mode-imenu.el -> swift-mode-imenu.el
    swift-mode-indent.el -> swift-mode-indent.el
    swift-mode-lexer.el -> swift-mode-lexer.el
    swift-mode-repl.el -> swift-mode-repl.el
    swift-mode-standard-types.el -> swift-mode-standard-types.el
    swift-mode.el -> swift-mode.el
Created swift-mode-10.0.0.tar containing:
  swift-mode-10.0.0/
  swift-mode-10.0.0/swift-mode-beginning-of-defun.el
  swift-mode-10.0.0/swift-mode-fill.el
  swift-mode-10.0.0/swift-mode-font-lock.el
  swift-mode-10.0.0/swift-mode-imenu.el
  swift-mode-10.0.0/swift-mode-indent.el
  swift-mode-10.0.0/swift-mode-lexer.el
  swift-mode-10.0.0/swift-mode-pkg.el
  swift-mode-10.0.0/swift-mode-repl.el
  swift-mode-10.0.0/swift-mode-standard-types.el
  swift-mode-10.0.0/swift-mode.el
Built swift-mode in 0.086s, finished at 2026-07-24T05:33:19+0000
