
 • Building package tramp-rpc
From https://github.com/ArthurHeymans/emacs-tramp-rpc
Checking out f111d16db3ff2ce85cd5489144be30a2336628cf
Copying files (->) and directories (=>)
  from /github/workspace/sources/tramp-rpc/
  to /tmp/tramp-rpc-73jfKD/tramp-rpc-0.12.0/
  ! lisp/tramp-rpc-advice.el -> tramp-rpc-advice.el
  ! lisp/tramp-rpc-deploy.el -> tramp-rpc-deploy.el
  ! lisp/tramp-rpc-magit.el -> tramp-rpc-magit.el
  ! lisp/tramp-rpc-process.el -> tramp-rpc-process.el
  ! lisp/tramp-rpc-protocol.el -> tramp-rpc-protocol.el
  ! lisp/tramp-rpc.el -> tramp-rpc.el
Created tramp-rpc-0.12.0.tar containing:
  tramp-rpc-0.12.0/
  tramp-rpc-0.12.0/tramp-rpc-advice.el
  tramp-rpc-0.12.0/tramp-rpc-deploy.el
  tramp-rpc-0.12.0/tramp-rpc-magit.el
  tramp-rpc-0.12.0/tramp-rpc-pkg.el
  tramp-rpc-0.12.0/tramp-rpc-process.el
  tramp-rpc-0.12.0/tramp-rpc-protocol.el
  tramp-rpc-0.12.0/tramp-rpc.el
Built tramp-rpc in 0.090s, finished at 2026-07-24T05:33:20+0000
